level=INFO ts=2022-08-30 12:26:25.485 caller=restartedMain component=org.springframework.boot.StartupInfoLogger discovery=D msg=Starting HlrApplication using Java 11.0.16 on wsl268 with PID 6710 (/home/dhaini/Desktop/MontyMobile Training /hlr/target/classes started by dhaini in /home/dhaini/Desktop/MontyMobile Training /hlr)
level=INFO ts=2022-08-30 12:26:25.510 caller=restartedMain component=org.springframework.boot.SpringApplication discovery=D msg=No active profile set, falling back to 1 default profile: "default"
level=INFO ts=2022-08-30 12:26:25.679 caller=restartedMain component=org.springframework.boot.logging.DeferredLog discovery=D msg=Devtools property defaults active! Set 'spring.devtools.add-properties' to 'false' to disable
level=INFO ts=2022-08-30 12:26:25.680 caller=restartedMain component=org.springframework.boot.logging.DeferredLog discovery=D msg=For additional web related logging consider setting the 'logging.level.web' property to 'DEBUG'
level=INFO ts=2022-08-30 12:26:27.293 caller=restartedMain component=org.springframework.data.repository.config.RepositoryConfigurationDelegate discovery=D msg=Bootstrapping Spring Data JPA repositories in DEFAULT mode.
level=INFO ts=2022-08-30 12:26:27.393 caller=restartedMain component=org.springframework.data.repository.config.RepositoryConfigurationDelegate discovery=D msg=Finished Spring Data repository scanning in 84 ms. Found 3 JPA repository interfaces.
level=INFO ts=2022-08-30 12:26:28.359 caller=restartedMain component=org.springframework.boot.web.embedded.tomcat.TomcatWebServer discovery=D msg=Tomcat initialized with port(s): 8080 (http)
level=INFO ts=2022-08-30 12:26:28.383 caller=restartedMain component=org.apache.juli.logging.DirectJDKLog discovery=D msg=Initializing ProtocolHandler ["http-nio-8080"]
level=INFO ts=2022-08-30 12:26:28.384 caller=restartedMain component=org.apache.juli.logging.DirectJDKLog discovery=D msg=Starting service [Tomcat]
level=INFO ts=2022-08-30 12:26:28.385 caller=restartedMain component=org.apache.juli.logging.DirectJDKLog discovery=D msg=Starting Servlet engine: [Apache Tomcat/9.0.65]
level=INFO ts=2022-08-30 12:26:28.490 caller=restartedMain component=org.apache.juli.logging.DirectJDKLog discovery=D msg=Initializing Spring embedded WebApplicationContext
level=INFO ts=2022-08-30 12:26:28.490 caller=restartedMain component=org.springframework.boot.web.servlet.context.ServletWebServerApplicationContext discovery=D msg=Root WebApplicationContext: initialization completed in 2808 ms
level=INFO ts=2022-08-30 12:26:28.966 caller=restartedMain component=org.hibernate.jpa.internal.util.LogHelper discovery=D msg=HHH000204: Processing PersistenceUnitInfo [name: default]
level=INFO ts=2022-08-30 12:26:29.046 caller=restartedMain component=org.hibernate.Version discovery=D msg=HHH000412: Hibernate ORM core version 5.6.10.Final
level=INFO ts=2022-08-30 12:26:29.329 caller=restartedMain component=org.hibernate.annotations.common.reflection.java.JavaReflectionManager discovery=D msg=HCANN000001: Hibernate Commons Annotations {5.1.2.Final}
level=INFO ts=2022-08-30 12:26:29.531 caller=restartedMain component=com.zaxxer.hikari.HikariDataSource discovery=D msg=HikariPool-1 - Starting...
level=INFO ts=2022-08-30 12:26:30.151 caller=restartedMain component=com.zaxxer.hikari.HikariDataSource discovery=D msg=HikariPool-1 - Start completed.
level=INFO ts=2022-08-30 12:26:30.180 caller=restartedMain component=org.hibernate.dialect.Dialect discovery=D msg=HHH000400: Using dialect: org.hibernate.dialect.PostgreSQLDialect
level=INFO ts=2022-08-30 12:26:31.333 caller=restartedMain component=org.hibernate.engine.transaction.jta.platform.internal.JtaPlatformInitiator discovery=D msg=HHH000490: Using JtaPlatform implementation: [org.hibernate.engine.transaction.jta.platform.internal.NoJtaPlatform]
level=INFO ts=2022-08-30 12:26:31.345 caller=restartedMain component=org.springframework.orm.jpa.AbstractEntityManagerFactoryBean discovery=D msg=Initialized JPA EntityManagerFactory for persistence unit 'default'
level=INFO ts=2022-08-30 12:26:32.378 caller=restartedMain component=org.springframework.security.web.DefaultSecurityFilterChain discovery=D msg=Will secure any request with [org.springframework.security.web.session.DisableEncodeUrlFilter@6eaa6896, org.springframework.security.web.context.request.async.WebAsyncManagerIntegrationFilter@322d8789, org.springframework.security.web.context.SecurityContextPersistenceFilter@24eb9cc3, org.springframework.security.web.header.HeaderWriterFilter@78fc0d07, org.springframework.security.web.authentication.logout.LogoutFilter@206d0a01, com.hlr.hlr.Filters.JwtRequestFilter@210feee, org.springframework.security.web.savedrequest.RequestCacheAwareFilter@35e6797b, org.springframework.security.web.servletapi.SecurityContextHolderAwareRequestFilter@63aa9af4, org.springframework.security.web.authentication.AnonymousAuthenticationFilter@40ee6024, org.springframework.security.web.session.SessionManagementFilter@649d7eb0, org.springframework.security.web.access.ExceptionTranslationFilter@b1f5a06, org.springframework.security.web.access.intercept.FilterSecurityInterceptor@341bd4ea]
level=INFO ts=2022-08-30 12:26:33.092 caller=restartedMain component=org.springframework.boot.devtools.autoconfigure.OptionalLiveReloadServer discovery=D msg=LiveReload server is running on port 35729
level=INFO ts=2022-08-30 12:26:33.104 caller=restartedMain component=org.springframework.boot.actuate.endpoint.web.EndpointLinksResolver discovery=D msg=Exposing 1 endpoint(s) beneath base path '/actuator'
level=INFO ts=2022-08-30 12:26:33.154 caller=restartedMain component=org.apache.juli.logging.DirectJDKLog discovery=D msg=Starting ProtocolHandler ["http-nio-8080"]
level=INFO ts=2022-08-30 12:26:33.185 caller=restartedMain component=org.springframework.boot.web.embedded.tomcat.TomcatWebServer discovery=D msg=Tomcat started on port(s): 8080 (http) with context path ''
level=INFO ts=2022-08-30 12:26:33.210 caller=restartedMain component=org.springframework.boot.StartupInfoLogger discovery=D msg=Started HlrApplication in 8.374 seconds (JVM running for 12.058)
level=INFO ts=2022-08-30 12:26:45.510 caller=http-nio-8080-exec-1 component=org.apache.juli.logging.DirectJDKLog discovery=D msg=Initializing Spring DispatcherServlet 'dispatcherServlet'
level=INFO ts=2022-08-30 12:26:45.511 caller=http-nio-8080-exec-1 component=org.springframework.web.servlet.FrameworkServlet discovery=D msg=Initializing Servlet 'dispatcherServlet'
level=INFO ts=2022-08-30 12:26:45.513 caller=http-nio-8080-exec-1 component=org.springframework.web.servlet.FrameworkServlet discovery=D msg=Completed initialization in 2 ms
level=INFO ts=2022-08-30 12:26:53.089 caller=http-nio-8080-exec-2 component=com.hlr.hlr.Users.UserService discovery=D msg=true
level=INFO ts=2022-08-30 12:26:53.425 caller=http-nio-8080-exec-2 component=com.hlr.hlr.Users.UserService discovery=D msg=com.hlr.hlr.Users.Users@1bbb93f8
level=INFO ts=2022-08-30 12:43:43.959 caller=http-nio-8080-exec-4 component=com.hlr.hlr.Users.UserService discovery=D msg=Get user from token
level=INFO ts=2022-08-30 12:44:06.589 caller=http-nio-8080-exec-6 component=com.hlr.hlr.Users.UserService discovery=D msg=Get user from token
level=INFO ts=2022-08-30 12:47:08.109 caller=http-nio-8080-exec-10 component=com.hlr.hlr.Users.UserService discovery=D msg=Get user from token
level=INFO ts=2022-08-30 12:47:08.117 caller=http-nio-8080-exec-10 component=com.hlr.hlr.Users.UserService discovery=D msg=updateUserProfile: got user from token
level=INFO ts=2022-08-30 12:47:08.117 caller=http-nio-8080-exec-10 component=com.hlr.hlr.Users.UserService discovery=D msg=updateUserProfile: saving user updates to Database
level=INFO ts=2022-08-30 12:47:08.121 caller=http-nio-8080-exec-10 component=com.hlr.hlr.Users.UserService discovery=D msg=User updated successfully
level=INFO ts=2022-08-30 12:47:20.813 caller=http-nio-8080-exec-9 component=com.hlr.hlr.Users.UserService discovery=D msg=Get user from token
level=INFO ts=2022-08-30 12:47:20.817 caller=http-nio-8080-exec-9 component=com.hlr.hlr.Users.UserService discovery=D msg=updateUserProfile: got user from token
level=INFO ts=2022-08-30 12:47:20.817 caller=http-nio-8080-exec-9 component=com.hlr.hlr.Users.UserService discovery=D msg=updateUserProfile: changing line type for user and deleting all services subscribed to
level=INFO ts=2022-08-30 12:48:35.387 caller=SpringApplicationShutdownHook component=org.springframework.orm.jpa.AbstractEntityManagerFactoryBean discovery=D msg=Closing JPA EntityManagerFactory for persistence unit 'default'
level=INFO ts=2022-08-30 12:48:35.395 caller=SpringApplicationShutdownHook component=com.zaxxer.hikari.HikariDataSource discovery=D msg=HikariPool-1 - Shutdown initiated...
level=INFO ts=2022-08-30 12:48:35.438 caller=SpringApplicationShutdownHook component=com.zaxxer.hikari.HikariDataSource discovery=D msg=HikariPool-1 - Shutdown completed.
level=INFO ts=2022-08-30 12:48:44.424 caller=restartedMain component=org.springframework.boot.StartupInfoLogger discovery=D msg=Starting HlrApplication using Java 11.0.16 on wsl268 with PID 8520 (/home/dhaini/Desktop/MontyMobile Training /hlr/target/classes started by dhaini in /home/dhaini/Desktop/MontyMobile Training /hlr)
level=INFO ts=2022-08-30 12:48:44.445 caller=restartedMain component=org.springframework.boot.SpringApplication discovery=D msg=No active profile set, falling back to 1 default profile: "default"
level=INFO ts=2022-08-30 12:48:44.567 caller=restartedMain component=org.springframework.boot.logging.DeferredLog discovery=D msg=Devtools property defaults active! Set 'spring.devtools.add-properties' to 'false' to disable
level=INFO ts=2022-08-30 12:48:44.568 caller=restartedMain component=org.springframework.boot.logging.DeferredLog discovery=D msg=For additional web related logging consider setting the 'logging.level.web' property to 'DEBUG'
level=INFO ts=2022-08-30 12:48:46.586 caller=restartedMain component=org.springframework.data.repository.config.RepositoryConfigurationDelegate discovery=D msg=Bootstrapping Spring Data JPA repositories in DEFAULT mode.
level=INFO ts=2022-08-30 12:48:46.691 caller=restartedMain component=org.springframework.data.repository.config.RepositoryConfigurationDelegate discovery=D msg=Finished Spring Data repository scanning in 89 ms. Found 3 JPA repository interfaces.
level=INFO ts=2022-08-30 12:48:48.315 caller=restartedMain component=org.springframework.boot.web.embedded.tomcat.TomcatWebServer discovery=D msg=Tomcat initialized with port(s): 8080 (http)
level=INFO ts=2022-08-30 12:48:48.345 caller=restartedMain component=org.apache.juli.logging.DirectJDKLog discovery=D msg=Initializing ProtocolHandler ["http-nio-8080"]
level=INFO ts=2022-08-30 12:48:48.349 caller=restartedMain component=org.apache.juli.logging.DirectJDKLog discovery=D msg=Starting service [Tomcat]
level=INFO ts=2022-08-30 12:48:48.350 caller=restartedMain component=org.apache.juli.logging.DirectJDKLog discovery=D msg=Starting Servlet engine: [Apache Tomcat/9.0.65]
level=INFO ts=2022-08-30 12:48:48.487 caller=restartedMain component=org.apache.juli.logging.DirectJDKLog discovery=D msg=Initializing Spring embedded WebApplicationContext
level=INFO ts=2022-08-30 12:48:48.488 caller=restartedMain component=org.springframework.boot.web.servlet.context.ServletWebServerApplicationContext discovery=D msg=Root WebApplicationContext: initialization completed in 3918 ms
level=INFO ts=2022-08-30 12:48:49.098 caller=restartedMain component=org.hibernate.jpa.internal.util.LogHelper discovery=D msg=HHH000204: Processing PersistenceUnitInfo [name: default]
level=INFO ts=2022-08-30 12:48:49.196 caller=restartedMain component=org.hibernate.Version discovery=D msg=HHH000412: Hibernate ORM core version 5.6.10.Final
level=INFO ts=2022-08-30 12:48:49.800 caller=restartedMain component=org.hibernate.annotations.common.reflection.java.JavaReflectionManager discovery=D msg=HCANN000001: Hibernate Commons Annotations {5.1.2.Final}
level=INFO ts=2022-08-30 12:48:49.979 caller=restartedMain component=com.zaxxer.hikari.HikariDataSource discovery=D msg=HikariPool-1 - Starting...
level=INFO ts=2022-08-30 12:48:50.725 caller=restartedMain component=com.zaxxer.hikari.HikariDataSource discovery=D msg=HikariPool-1 - Start completed.
level=INFO ts=2022-08-30 12:48:50.771 caller=restartedMain component=org.hibernate.dialect.Dialect discovery=D msg=HHH000400: Using dialect: org.hibernate.dialect.PostgreSQLDialect
level=INFO ts=2022-08-30 12:48:52.332 caller=restartedMain component=org.hibernate.engine.transaction.jta.platform.internal.JtaPlatformInitiator discovery=D msg=HHH000490: Using JtaPlatform implementation: [org.hibernate.engine.transaction.jta.platform.internal.NoJtaPlatform]
level=INFO ts=2022-08-30 12:48:52.345 caller=restartedMain component=org.springframework.orm.jpa.AbstractEntityManagerFactoryBean discovery=D msg=Initialized JPA EntityManagerFactory for persistence unit 'default'
level=INFO ts=2022-08-30 12:48:53.380 caller=restartedMain component=org.springframework.orm.jpa.AbstractEntityManagerFactoryBean discovery=D msg=Closing JPA EntityManagerFactory for persistence unit 'default'
level=INFO ts=2022-08-30 12:48:53.385 caller=restartedMain component=com.zaxxer.hikari.HikariDataSource discovery=D msg=HikariPool-1 - Shutdown initiated...
level=INFO ts=2022-08-30 12:48:53.434 caller=restartedMain component=com.zaxxer.hikari.HikariDataSource discovery=D msg=HikariPool-1 - Shutdown completed.
level=INFO ts=2022-08-30 12:48:53.441 caller=restartedMain component=org.apache.juli.logging.DirectJDKLog discovery=D msg=Stopping service [Tomcat]
level=INFO ts=2022-08-30 12:48:53.510 caller=restartedMain component=org.springframework.boot.autoconfigure.logging.ConditionEvaluationReportLoggingListener discovery=D msg=

Error starting ApplicationContext. To display the conditions report re-run your application with 'debug' enabled.
level=INFO ts=2022-08-30 12:50:35.910 caller=restartedMain component=org.springframework.boot.StartupInfoLogger discovery=D msg=Starting HlrApplication using Java 11.0.16 on wsl268 with PID 8995 (/home/dhaini/Desktop/MontyMobile Training /hlr/target/classes started by dhaini in /home/dhaini/Desktop/MontyMobile Training /hlr)
level=INFO ts=2022-08-30 12:50:35.950 caller=restartedMain component=org.springframework.boot.SpringApplication discovery=D msg=No active profile set, falling back to 1 default profile: "default"
level=INFO ts=2022-08-30 12:50:36.094 caller=restartedMain component=org.springframework.boot.logging.DeferredLog discovery=D msg=Devtools property defaults active! Set 'spring.devtools.add-properties' to 'false' to disable
level=INFO ts=2022-08-30 12:50:36.097 caller=restartedMain component=org.springframework.boot.logging.DeferredLog discovery=D msg=For additional web related logging consider setting the 'logging.level.web' property to 'DEBUG'
level=INFO ts=2022-08-30 12:50:37.719 caller=restartedMain component=org.springframework.data.repository.config.RepositoryConfigurationDelegate discovery=D msg=Bootstrapping Spring Data JPA repositories in DEFAULT mode.
level=INFO ts=2022-08-30 12:50:37.797 caller=restartedMain component=org.springframework.data.repository.config.RepositoryConfigurationDelegate discovery=D msg=Finished Spring Data repository scanning in 65 ms. Found 3 JPA repository interfaces.
level=INFO ts=2022-08-30 12:50:38.663 caller=restartedMain component=org.springframework.boot.web.embedded.tomcat.TomcatWebServer discovery=D msg=Tomcat initialized with port(s): 8080 (http)
level=INFO ts=2022-08-30 12:50:38.686 caller=restartedMain component=org.apache.juli.logging.DirectJDKLog discovery=D msg=Initializing ProtocolHandler ["http-nio-8080"]
level=INFO ts=2022-08-30 12:50:38.687 caller=restartedMain component=org.apache.juli.logging.DirectJDKLog discovery=D msg=Starting service [Tomcat]
level=INFO ts=2022-08-30 12:50:38.688 caller=restartedMain component=org.apache.juli.logging.DirectJDKLog discovery=D msg=Starting Servlet engine: [Apache Tomcat/9.0.65]
level=INFO ts=2022-08-30 12:50:38.780 caller=restartedMain component=org.apache.juli.logging.DirectJDKLog discovery=D msg=Initializing Spring embedded WebApplicationContext
level=INFO ts=2022-08-30 12:50:38.780 caller=restartedMain component=org.springframework.boot.web.servlet.context.ServletWebServerApplicationContext discovery=D msg=Root WebApplicationContext: initialization completed in 2678 ms
level=INFO ts=2022-08-30 12:50:39.179 caller=restartedMain component=org.hibernate.jpa.internal.util.LogHelper discovery=D msg=HHH000204: Processing PersistenceUnitInfo [name: default]
level=INFO ts=2022-08-30 12:50:39.236 caller=restartedMain component=org.hibernate.Version discovery=D msg=HHH000412: Hibernate ORM core version 5.6.10.Final
level=INFO ts=2022-08-30 12:50:39.447 caller=restartedMain component=org.hibernate.annotations.common.reflection.java.JavaReflectionManager discovery=D msg=HCANN000001: Hibernate Commons Annotations {5.1.2.Final}
level=INFO ts=2022-08-30 12:50:39.583 caller=restartedMain component=com.zaxxer.hikari.HikariDataSource discovery=D msg=HikariPool-1 - Starting...
level=INFO ts=2022-08-30 12:50:40.057 caller=restartedMain component=com.zaxxer.hikari.HikariDataSource discovery=D msg=HikariPool-1 - Start completed.
level=INFO ts=2022-08-30 12:50:40.093 caller=restartedMain component=org.hibernate.dialect.Dialect discovery=D msg=HHH000400: Using dialect: org.hibernate.dialect.PostgreSQLDialect
level=INFO ts=2022-08-30 12:50:41.359 caller=restartedMain component=org.hibernate.engine.transaction.jta.platform.internal.JtaPlatformInitiator discovery=D msg=HHH000490: Using JtaPlatform implementation: [org.hibernate.engine.transaction.jta.platform.internal.NoJtaPlatform]
level=INFO ts=2022-08-30 12:50:41.374 caller=restartedMain component=org.springframework.orm.jpa.AbstractEntityManagerFactoryBean discovery=D msg=Initialized JPA EntityManagerFactory for persistence unit 'default'
level=INFO ts=2022-08-30 12:50:42.241 caller=restartedMain component=org.springframework.security.web.DefaultSecurityFilterChain discovery=D msg=Will secure any request with [org.springframework.security.web.session.DisableEncodeUrlFilter@1a09a2be, org.springframework.security.web.context.request.async.WebAsyncManagerIntegrationFilter@70ccf6b0, org.springframework.security.web.context.SecurityContextPersistenceFilter@5d580b36, org.springframework.security.web.header.HeaderWriterFilter@40987768, org.springframework.security.web.authentication.logout.LogoutFilter@4ee6833b, com.hlr.hlr.Filters.JwtRequestFilter@3536e1cc, org.springframework.security.web.savedrequest.RequestCacheAwareFilter@66b623b0, org.springframework.security.web.servletapi.SecurityContextHolderAwareRequestFilter@2d7135d8, org.springframework.security.web.authentication.AnonymousAuthenticationFilter@724db16, org.springframework.security.web.session.SessionManagementFilter@115e1216, org.springframework.security.web.access.ExceptionTranslationFilter@5e8c6c6b, org.springframework.security.web.access.intercept.FilterSecurityInterceptor@55ae08e1]
level=INFO ts=2022-08-30 12:50:42.901 caller=restartedMain component=org.springframework.boot.devtools.autoconfigure.OptionalLiveReloadServer discovery=D msg=LiveReload server is running on port 35729
level=INFO ts=2022-08-30 12:50:42.909 caller=restartedMain component=org.springframework.boot.actuate.endpoint.web.EndpointLinksResolver discovery=D msg=Exposing 1 endpoint(s) beneath base path '/actuator'
level=INFO ts=2022-08-30 12:50:42.940 caller=restartedMain component=org.apache.juli.logging.DirectJDKLog discovery=D msg=Starting ProtocolHandler ["http-nio-8080"]
level=INFO ts=2022-08-30 12:50:42.961 caller=restartedMain component=org.springframework.boot.web.embedded.tomcat.TomcatWebServer discovery=D msg=Tomcat started on port(s): 8080 (http) with context path ''
level=INFO ts=2022-08-30 12:50:42.979 caller=restartedMain component=org.springframework.boot.StartupInfoLogger discovery=D msg=Started HlrApplication in 7.984 seconds (JVM running for 10.728)
level=INFO ts=2022-08-30 12:50:56.233 caller=http-nio-8080-exec-2 component=org.apache.juli.logging.DirectJDKLog discovery=D msg=Initializing Spring DispatcherServlet 'dispatcherServlet'
level=INFO ts=2022-08-30 12:50:56.234 caller=http-nio-8080-exec-2 component=org.springframework.web.servlet.FrameworkServlet discovery=D msg=Initializing Servlet 'dispatcherServlet'
level=INFO ts=2022-08-30 12:50:56.237 caller=http-nio-8080-exec-2 component=org.springframework.web.servlet.FrameworkServlet discovery=D msg=Completed initialization in 2 ms
level=INFO ts=2022-08-30 12:50:56.788 caller=http-nio-8080-exec-2 component=com.hlr.hlr.Users.UserService discovery=D msg=Get user from token
level=INFO ts=2022-08-30 12:50:56.793 caller=http-nio-8080-exec-2 component=com.hlr.hlr.Users.UserService discovery=D msg=updateUserProfile: got user from token
level=INFO ts=2022-08-30 12:50:56.793 caller=http-nio-8080-exec-2 component=com.hlr.hlr.Users.UserService discovery=D msg=updateUserProfile: changing line type for user and deleting all services subscribed to
level=INFO ts=2022-08-30 12:54:19.832 caller=SpringApplicationShutdownHook component=org.springframework.orm.jpa.AbstractEntityManagerFactoryBean discovery=D msg=Closing JPA EntityManagerFactory for persistence unit 'default'
level=INFO ts=2022-08-30 12:54:19.841 caller=SpringApplicationShutdownHook component=com.zaxxer.hikari.HikariDataSource discovery=D msg=HikariPool-1 - Shutdown initiated...
level=INFO ts=2022-08-30 12:54:19.896 caller=SpringApplicationShutdownHook component=com.zaxxer.hikari.HikariDataSource discovery=D msg=HikariPool-1 - Shutdown completed.
level=INFO ts=2022-08-30 12:54:28.190 caller=restartedMain component=org.springframework.boot.StartupInfoLogger discovery=D msg=Starting HlrApplication using Java 11.0.16 on wsl268 with PID 9477 (/home/dhaini/Desktop/MontyMobile Training /hlr/target/classes started by dhaini in /home/dhaini/Desktop/MontyMobile Training /hlr)
level=INFO ts=2022-08-30 12:54:28.216 caller=restartedMain component=org.springframework.boot.SpringApplication discovery=D msg=No active profile set, falling back to 1 default profile: "default"
level=INFO ts=2022-08-30 12:54:28.378 caller=restartedMain component=org.springframework.boot.logging.DeferredLog discovery=D msg=Devtools property defaults active! Set 'spring.devtools.add-properties' to 'false' to disable
level=INFO ts=2022-08-30 12:54:28.379 caller=restartedMain component=org.springframework.boot.logging.DeferredLog discovery=D msg=For additional web related logging consider setting the 'logging.level.web' property to 'DEBUG'
level=INFO ts=2022-08-30 12:54:30.009 caller=restartedMain component=org.springframework.data.repository.config.RepositoryConfigurationDelegate discovery=D msg=Bootstrapping Spring Data JPA repositories in DEFAULT mode.
level=INFO ts=2022-08-30 12:54:30.113 caller=restartedMain component=org.springframework.data.repository.config.RepositoryConfigurationDelegate discovery=D msg=Finished Spring Data repository scanning in 87 ms. Found 3 JPA repository interfaces.
level=INFO ts=2022-08-30 12:54:31.460 caller=restartedMain component=org.springframework.boot.web.embedded.tomcat.TomcatWebServer discovery=D msg=Tomcat initialized with port(s): 8080 (http)
level=INFO ts=2022-08-30 12:54:31.491 caller=restartedMain component=org.apache.juli.logging.DirectJDKLog discovery=D msg=Initializing ProtocolHandler ["http-nio-8080"]
level=INFO ts=2022-08-30 12:54:31.493 caller=restartedMain component=org.apache.juli.logging.DirectJDKLog discovery=D msg=Starting service [Tomcat]
level=INFO ts=2022-08-30 12:54:31.494 caller=restartedMain component=org.apache.juli.logging.DirectJDKLog discovery=D msg=Starting Servlet engine: [Apache Tomcat/9.0.65]
level=INFO ts=2022-08-30 12:54:31.640 caller=restartedMain component=org.apache.juli.logging.DirectJDKLog discovery=D msg=Initializing Spring embedded WebApplicationContext
level=INFO ts=2022-08-30 12:54:31.640 caller=restartedMain component=org.springframework.boot.web.servlet.context.ServletWebServerApplicationContext discovery=D msg=Root WebApplicationContext: initialization completed in 3260 ms
level=INFO ts=2022-08-30 12:54:32.275 caller=restartedMain component=org.hibernate.jpa.internal.util.LogHelper discovery=D msg=HHH000204: Processing PersistenceUnitInfo [name: default]
level=INFO ts=2022-08-30 12:54:32.347 caller=restartedMain component=org.hibernate.Version discovery=D msg=HHH000412: Hibernate ORM core version 5.6.10.Final
level=INFO ts=2022-08-30 12:54:32.587 caller=restartedMain component=org.hibernate.annotations.common.reflection.java.JavaReflectionManager discovery=D msg=HCANN000001: Hibernate Commons Annotations {5.1.2.Final}
level=INFO ts=2022-08-30 12:54:32.742 caller=restartedMain component=com.zaxxer.hikari.HikariDataSource discovery=D msg=HikariPool-1 - Starting...
level=INFO ts=2022-08-30 12:54:33.446 caller=restartedMain component=com.zaxxer.hikari.HikariDataSource discovery=D msg=HikariPool-1 - Start completed.
level=INFO ts=2022-08-30 12:54:33.471 caller=restartedMain component=org.hibernate.dialect.Dialect discovery=D msg=HHH000400: Using dialect: org.hibernate.dialect.PostgreSQLDialect
level=INFO ts=2022-08-30 12:54:34.772 caller=restartedMain component=org.hibernate.engine.transaction.jta.platform.internal.JtaPlatformInitiator discovery=D msg=HHH000490: Using JtaPlatform implementation: [org.hibernate.engine.transaction.jta.platform.internal.NoJtaPlatform]
level=INFO ts=2022-08-30 12:54:34.786 caller=restartedMain component=org.springframework.orm.jpa.AbstractEntityManagerFactoryBean discovery=D msg=Initialized JPA EntityManagerFactory for persistence unit 'default'
level=INFO ts=2022-08-30 12:54:35.858 caller=restartedMain component=org.springframework.security.web.DefaultSecurityFilterChain discovery=D msg=Will secure any request with [org.springframework.security.web.session.DisableEncodeUrlFilter@27b17b03, org.springframework.security.web.context.request.async.WebAsyncManagerIntegrationFilter@5e3b0ed7, org.springframework.security.web.context.SecurityContextPersistenceFilter@4392b0be, org.springframework.security.web.header.HeaderWriterFilter@2c5a1cde, org.springframework.security.web.authentication.logout.LogoutFilter@8a45160, com.hlr.hlr.Filters.JwtRequestFilter@5cc87b07, org.springframework.security.web.savedrequest.RequestCacheAwareFilter@23707205, org.springframework.security.web.servletapi.SecurityContextHolderAwareRequestFilter@79fdd284, org.springframework.security.web.authentication.AnonymousAuthenticationFilter@673982cb, org.springframework.security.web.session.SessionManagementFilter@16e1902e, org.springframework.security.web.access.ExceptionTranslationFilter@2361ec65, org.springframework.security.web.access.intercept.FilterSecurityInterceptor@6752f29a]
level=INFO ts=2022-08-30 12:54:36.564 caller=restartedMain component=org.springframework.boot.devtools.autoconfigure.OptionalLiveReloadServer discovery=D msg=LiveReload server is running on port 35729
level=INFO ts=2022-08-30 12:54:36.574 caller=restartedMain component=org.springframework.boot.actuate.endpoint.web.EndpointLinksResolver discovery=D msg=Exposing 1 endpoint(s) beneath base path '/actuator'
level=INFO ts=2022-08-30 12:54:36.609 caller=restartedMain component=org.apache.juli.logging.DirectJDKLog discovery=D msg=Starting ProtocolHandler ["http-nio-8080"]
level=INFO ts=2022-08-30 12:54:36.646 caller=restartedMain component=org.springframework.boot.web.embedded.tomcat.TomcatWebServer discovery=D msg=Tomcat started on port(s): 8080 (http) with context path ''
level=INFO ts=2022-08-30 12:54:36.668 caller=restartedMain component=org.springframework.boot.StartupInfoLogger discovery=D msg=Started HlrApplication in 9.276 seconds (JVM running for 11.611)
level=INFO ts=2022-08-30 12:54:43.511 caller=http-nio-8080-exec-1 component=org.apache.juli.logging.DirectJDKLog discovery=D msg=Initializing Spring DispatcherServlet 'dispatcherServlet'
level=INFO ts=2022-08-30 12:54:43.513 caller=http-nio-8080-exec-1 component=org.springframework.web.servlet.FrameworkServlet discovery=D msg=Initializing Servlet 'dispatcherServlet'
level=INFO ts=2022-08-30 12:54:43.516 caller=http-nio-8080-exec-1 component=org.springframework.web.servlet.FrameworkServlet discovery=D msg=Completed initialization in 3 ms
level=INFO ts=2022-08-30 12:54:44.184 caller=http-nio-8080-exec-1 component=com.hlr.hlr.Users.UserService discovery=D msg=Get user from token
level=INFO ts=2022-08-30 12:54:44.187 caller=http-nio-8080-exec-1 component=com.hlr.hlr.Users.UserService discovery=D msg=updateUserProfile: got user from token
level=INFO ts=2022-08-30 12:54:44.188 caller=http-nio-8080-exec-1 component=com.hlr.hlr.Users.UserService discovery=D msg=updateUserProfile: changing line type for user and deleting all services subscribed to
level=INFO ts=2022-08-30 12:57:41.731 caller=SpringApplicationShutdownHook component=org.springframework.orm.jpa.AbstractEntityManagerFactoryBean discovery=D msg=Closing JPA EntityManagerFactory for persistence unit 'default'
level=INFO ts=2022-08-30 12:57:41.740 caller=SpringApplicationShutdownHook component=com.zaxxer.hikari.HikariDataSource discovery=D msg=HikariPool-1 - Shutdown initiated...
level=INFO ts=2022-08-30 12:57:41.786 caller=SpringApplicationShutdownHook component=com.zaxxer.hikari.HikariDataSource discovery=D msg=HikariPool-1 - Shutdown completed.
level=INFO ts=2022-08-30 12:57:48.659 caller=restartedMain component=org.springframework.boot.StartupInfoLogger discovery=D msg=Starting HlrApplication using Java 11.0.16 on wsl268 with PID 10186 (/home/dhaini/Desktop/MontyMobile Training /hlr/target/classes started by dhaini in /home/dhaini/Desktop/MontyMobile Training /hlr)
level=INFO ts=2022-08-30 12:57:48.683 caller=restartedMain component=org.springframework.boot.SpringApplication discovery=D msg=No active profile set, falling back to 1 default profile: "default"
level=INFO ts=2022-08-30 12:57:48.870 caller=restartedMain component=org.springframework.boot.logging.DeferredLog discovery=D msg=Devtools property defaults active! Set 'spring.devtools.add-properties' to 'false' to disable
level=INFO ts=2022-08-30 12:57:48.871 caller=restartedMain component=org.springframework.boot.logging.DeferredLog discovery=D msg=For additional web related logging consider setting the 'logging.level.web' property to 'DEBUG'
level=INFO ts=2022-08-30 12:57:50.859 caller=restartedMain component=org.springframework.data.repository.config.RepositoryConfigurationDelegate discovery=D msg=Bootstrapping Spring Data JPA repositories in DEFAULT mode.
level=INFO ts=2022-08-30 12:57:50.986 caller=restartedMain component=org.springframework.data.repository.config.RepositoryConfigurationDelegate discovery=D msg=Finished Spring Data repository scanning in 109 ms. Found 3 JPA repository interfaces.
level=INFO ts=2022-08-30 12:57:52.225 caller=restartedMain component=org.springframework.boot.web.embedded.tomcat.TomcatWebServer discovery=D msg=Tomcat initialized with port(s): 8080 (http)
level=INFO ts=2022-08-30 12:57:52.255 caller=restartedMain component=org.apache.juli.logging.DirectJDKLog discovery=D msg=Initializing ProtocolHandler ["http-nio-8080"]
level=INFO ts=2022-08-30 12:57:52.256 caller=restartedMain component=org.apache.juli.logging.DirectJDKLog discovery=D msg=Starting service [Tomcat]
level=INFO ts=2022-08-30 12:57:52.257 caller=restartedMain component=org.apache.juli.logging.DirectJDKLog discovery=D msg=Starting Servlet engine: [Apache Tomcat/9.0.65]
level=INFO ts=2022-08-30 12:57:52.385 caller=restartedMain component=org.apache.juli.logging.DirectJDKLog discovery=D msg=Initializing Spring embedded WebApplicationContext
level=INFO ts=2022-08-30 12:57:52.386 caller=restartedMain component=org.springframework.boot.web.servlet.context.ServletWebServerApplicationContext discovery=D msg=Root WebApplicationContext: initialization completed in 3514 ms
level=INFO ts=2022-08-30 12:57:52.863 caller=restartedMain component=org.hibernate.jpa.internal.util.LogHelper discovery=D msg=HHH000204: Processing PersistenceUnitInfo [name: default]
level=INFO ts=2022-08-30 12:57:52.932 caller=restartedMain component=org.hibernate.Version discovery=D msg=HHH000412: Hibernate ORM core version 5.6.10.Final
level=INFO ts=2022-08-30 12:57:53.149 caller=restartedMain component=org.hibernate.annotations.common.reflection.java.JavaReflectionManager discovery=D msg=HCANN000001: Hibernate Commons Annotations {5.1.2.Final}
level=INFO ts=2022-08-30 12:57:53.324 caller=restartedMain component=com.zaxxer.hikari.HikariDataSource discovery=D msg=HikariPool-1 - Starting...
level=INFO ts=2022-08-30 12:57:53.847 caller=restartedMain component=com.zaxxer.hikari.HikariDataSource discovery=D msg=HikariPool-1 - Start completed.
level=INFO ts=2022-08-30 12:57:53.877 caller=restartedMain component=org.hibernate.dialect.Dialect discovery=D msg=HHH000400: Using dialect: org.hibernate.dialect.PostgreSQLDialect
level=INFO ts=2022-08-30 12:57:55.163 caller=restartedMain component=org.hibernate.engine.transaction.jta.platform.internal.JtaPlatformInitiator discovery=D msg=HHH000490: Using JtaPlatform implementation: [org.hibernate.engine.transaction.jta.platform.internal.NoJtaPlatform]
level=INFO ts=2022-08-30 12:57:55.176 caller=restartedMain component=org.springframework.orm.jpa.AbstractEntityManagerFactoryBean discovery=D msg=Initialized JPA EntityManagerFactory for persistence unit 'default'
level=INFO ts=2022-08-30 12:57:56.271 caller=restartedMain component=org.springframework.security.web.DefaultSecurityFilterChain discovery=D msg=Will secure any request with [org.springframework.security.web.session.DisableEncodeUrlFilter@6f631123, org.springframework.security.web.context.request.async.WebAsyncManagerIntegrationFilter@32a68e02, org.springframework.security.web.context.SecurityContextPersistenceFilter@7e0c9233, org.springframework.security.web.header.HeaderWriterFilter@65156b18, org.springframework.security.web.authentication.logout.LogoutFilter@3cd5f2e4, com.hlr.hlr.Filters.JwtRequestFilter@68349177, org.springframework.security.web.savedrequest.RequestCacheAwareFilter@d87527a, org.springframework.security.web.servletapi.SecurityContextHolderAwareRequestFilter@72bc83c2, org.springframework.security.web.authentication.AnonymousAuthenticationFilter@496596eb, org.springframework.security.web.session.SessionManagementFilter@40ad60a9, org.springframework.security.web.access.ExceptionTranslationFilter@1ed180a1, org.springframework.security.web.access.intercept.FilterSecurityInterceptor@6493e36]
level=INFO ts=2022-08-30 12:57:56.952 caller=restartedMain component=org.springframework.boot.devtools.autoconfigure.OptionalLiveReloadServer discovery=D msg=LiveReload server is running on port 35729
level=INFO ts=2022-08-30 12:57:56.961 caller=restartedMain component=org.springframework.boot.actuate.endpoint.web.EndpointLinksResolver discovery=D msg=Exposing 1 endpoint(s) beneath base path '/actuator'
level=INFO ts=2022-08-30 12:57:57.002 caller=restartedMain component=org.apache.juli.logging.DirectJDKLog discovery=D msg=Starting ProtocolHandler ["http-nio-8080"]
level=INFO ts=2022-08-30 12:57:57.035 caller=restartedMain component=org.springframework.boot.web.embedded.tomcat.TomcatWebServer discovery=D msg=Tomcat started on port(s): 8080 (http) with context path ''
level=INFO ts=2022-08-30 12:57:57.064 caller=restartedMain component=org.springframework.boot.StartupInfoLogger discovery=D msg=Started HlrApplication in 9.261 seconds (JVM running for 11.513)
level=INFO ts=2022-08-30 12:58:21.306 caller=http-nio-8080-exec-1 component=org.apache.juli.logging.DirectJDKLog discovery=D msg=Initializing Spring DispatcherServlet 'dispatcherServlet'
level=INFO ts=2022-08-30 12:58:21.306 caller=http-nio-8080-exec-1 component=org.springframework.web.servlet.FrameworkServlet discovery=D msg=Initializing Servlet 'dispatcherServlet'
level=INFO ts=2022-08-30 12:58:21.308 caller=http-nio-8080-exec-1 component=org.springframework.web.servlet.FrameworkServlet discovery=D msg=Completed initialization in 2 ms
level=INFO ts=2022-08-30 12:58:21.770 caller=http-nio-8080-exec-1 component=com.hlr.hlr.Users.UserService discovery=D msg=Get user from token
level=INFO ts=2022-08-30 12:58:21.774 caller=http-nio-8080-exec-1 component=com.hlr.hlr.Users.UserService discovery=D msg=updateUserProfile: got user from token
level=INFO ts=2022-08-30 12:58:21.774 caller=http-nio-8080-exec-1 component=com.hlr.hlr.Users.UserService discovery=D msg=updateUserProfile: changing line type for user and deleting all services subscribed to
level=INFO ts=2022-08-30 12:58:42.306 caller=http-nio-8080-exec-2 component=com.hlr.hlr.Users.UserService discovery=D msg=Get user from token
