level=WARN ts=2022-08-29 08:37:43.149 caller=restartedMain component=org.hibernate.engine.jdbc.env.internal.JdbcEnvironmentInitiator discovery=D msg=HHH000342: Could not obtain connection to query metadata
org.postgresql.util.PSQLException: FATAL: database "hlr" does not exist
	at org.postgresql.core.v3.QueryExecutorImpl.receiveErrorResponse(QueryExecutorImpl.java:2675)
	at org.postgresql.core.v3.QueryExecutorImpl.readStartupMessages(QueryExecutorImpl.java:2787)
	at org.postgresql.core.v3.QueryExecutorImpl.<init>(QueryExecutorImpl.java:173)
	at org.postgresql.core.v3.ConnectionFactoryImpl.openConnectionImpl(ConnectionFactoryImpl.java:290)
	at org.postgresql.core.ConnectionFactory.openConnection(ConnectionFactory.java:49)
	at org.postgresql.jdbc.PgConnection.<init>(PgConnection.java:223)
	at org.postgresql.Driver.makeConnection(Driver.java:402)
	at org.postgresql.Driver.connect(Driver.java:261)
	at com.zaxxer.hikari.util.DriverDataSource.getConnection(DriverDataSource.java:138)
	at com.zaxxer.hikari.pool.PoolBase.newConnection(PoolBase.java:364)
	at com.zaxxer.hikari.pool.PoolBase.newPoolEntry(PoolBase.java:206)
	at com.zaxxer.hikari.pool.HikariPool.createPoolEntry(HikariPool.java:476)
	at com.zaxxer.hikari.pool.HikariPool.checkFailFast(HikariPool.java:561)
	at com.zaxxer.hikari.pool.HikariPool.<init>(HikariPool.java:115)
	at com.zaxxer.hikari.HikariDataSource.getConnection(HikariDataSource.java:112)
	at org.hibernate.engine.jdbc.connections.internal.DatasourceConnectionProviderImpl.getConnection(DatasourceConnectionProviderImpl.java:122)
	at org.hibernate.engine.jdbc.env.internal.JdbcEnvironmentInitiator$ConnectionProviderJdbcConnectionAccess.obtainConnection(JdbcEnvironmentInitiator.java:181)
	at org.hibernate.engine.jdbc.env.internal.JdbcEnvironmentInitiator.initiateService(JdbcEnvironmentInitiator.java:68)
	at org.hibernate.engine.jdbc.env.internal.JdbcEnvironmentInitiator.initiateService(JdbcEnvironmentInitiator.java:35)
	at org.hibernate.boot.registry.internal.StandardServiceRegistryImpl.initiateService(StandardServiceRegistryImpl.java:101)
	at org.hibernate.services.internal.AbstractServiceRegistryImpl.createService(AbstractServiceRegistryImpl.java:263)
	at org.hibernate.services.internal.AbstractServiceRegistryImpl.initializeService(AbstractServiceRegistryImpl.java:237)
	at org.hibernate.services.internal.AbstractServiceRegistryImpl.getService(AbstractServiceRegistryImpl.java:214)
	at org.hibernate.id.factory.internal.DefaultIdentifierGeneratorFactory.injectServices(DefaultIdentifierGeneratorFactory.java:175)
	at org.hibernate.services.internal.AbstractServiceRegistryImpl.injectDependencies(AbstractServiceRegistryImpl.java:286)
	at org.hibernate.services.internal.AbstractServiceRegistryImpl.initializeService(AbstractServiceRegistryImpl.java:243)
	at org.hibernate.services.internal.AbstractServiceRegistryImpl.getService(AbstractServiceRegistryImpl.java:214)
	at org.hibernate.boot.internal.InFlightMetadataCollectorImpl.<init>(InFlightMetadataCollectorImpl.java:173)
	at org.hibernate.boot.model.process.spi.MetadataBuildingProcess.complete(MetadataBuildingProcess.java:127)
	at org.hibernate.jpa.boot.internal.EntityManagerFactoryBuilderImpl.metadata(EntityManagerFactoryBuilderImpl.java:1460)
	at org.hibernate.jpa.boot.internal.EntityManagerFactoryBuilderImpl.build(EntityManagerFactoryBuilderImpl.java:1494)
	at org.springframework.orm.jpa.vendor.SpringHibernateJpaPersistenceProvider.createContainerEntityManagerFactory(SpringHibernateJpaPersistenceProvider.java:58)
	at org.springframework.orm.jpa.LocalContainerEntityManagerFactoryBean.createNativeEntityManagerFactory(LocalContainerEntityManagerFactoryBean.java:365)
	at org.springframework.orm.jpa.AbstractEntityManagerFactoryBean.buildNativeEntityManagerFactory(AbstractEntityManagerFactoryBean.java:409)
	at org.springframework.orm.jpa.AbstractEntityManagerFactoryBean.afterPropertiesSet(AbstractEntityManagerFactoryBean.java:396)
	at org.springframework.orm.jpa.LocalContainerEntityManagerFactoryBean.afterPropertiesSet(LocalContainerEntityManagerFactoryBean.java:341)
	at org.springframework.beans.factory.support.AbstractAutowireCapableBeanFactory.invokeInitMethods(AbstractAutowireCapableBeanFactory.java:1863)
	at org.springframework.beans.factory.support.AbstractAutowireCapableBeanFactory.initializeBean(AbstractAutowireCapableBeanFactory.java:1800)
	at org.springframework.beans.factory.support.AbstractAutowireCapableBeanFactory.doCreateBean(AbstractAutowireCapableBeanFactory.java:620)
	at org.springframework.beans.factory.support.AbstractAutowireCapableBeanFactory.createBean(AbstractAutowireCapableBeanFactory.java:542)
	at org.springframework.beans.factory.support.AbstractBeanFactory.lambda$doGetBean$0(AbstractBeanFactory.java:335)
	at org.springframework.beans.factory.support.DefaultSingletonBeanRegistry.getSingleton(DefaultSingletonBeanRegistry.java:234)
	at org.springframework.beans.factory.support.AbstractBeanFactory.doGetBean(AbstractBeanFactory.java:333)
	at org.springframework.beans.factory.support.AbstractBeanFactory.getBean(AbstractBeanFactory.java:208)
	at org.springframework.beans.factory.support.BeanDefinitionValueResolver.resolveReference(BeanDefinitionValueResolver.java:330)
	at org.springframework.beans.factory.support.BeanDefinitionValueResolver.resolveValueIfNecessary(BeanDefinitionValueResolver.java:113)
	at org.springframework.beans.factory.support.ConstructorResolver.resolveConstructorArguments(ConstructorResolver.java:693)
	at org.springframework.beans.factory.support.ConstructorResolver.instantiateUsingFactoryMethod(ConstructorResolver.java:510)
	at org.springframework.beans.factory.support.AbstractAutowireCapableBeanFactory.instantiateUsingFactoryMethod(AbstractAutowireCapableBeanFactory.java:1352)
	at org.springframework.beans.factory.support.AbstractAutowireCapableBeanFactory.createBeanInstance(AbstractAutowireCapableBeanFactory.java:1195)
	at org.springframework.beans.factory.support.AbstractAutowireCapableBeanFactory.doCreateBean(AbstractAutowireCapableBeanFactory.java:582)
	at org.springframework.beans.factory.support.AbstractAutowireCapableBeanFactory.createBean(AbstractAutowireCapableBeanFactory.java:542)
	at org.springframework.beans.factory.support.BeanDefinitionValueResolver.resolveInnerBean(BeanDefinitionValueResolver.java:374)
	at org.springframework.beans.factory.support.BeanDefinitionValueResolver.resolveValueIfNecessary(BeanDefinitionValueResolver.java:134)
	at org.springframework.beans.factory.support.AbstractAutowireCapableBeanFactory.applyPropertyValues(AbstractAutowireCapableBeanFactory.java:1707)
	at org.springframework.beans.factory.support.AbstractAutowireCapableBeanFactory.populateBean(AbstractAutowireCapableBeanFactory.java:1452)
	at org.springframework.beans.factory.support.AbstractAutowireCapableBeanFactory.doCreateBean(AbstractAutowireCapableBeanFactory.java:619)
	at org.springframework.beans.factory.support.AbstractAutowireCapableBeanFactory.createBean(AbstractAutowireCapableBeanFactory.java:542)
	at org.springframework.beans.factory.support.AbstractBeanFactory.lambda$doGetBean$0(AbstractBeanFactory.java:335)
	at org.springframework.beans.factory.support.DefaultSingletonBeanRegistry.getSingleton(DefaultSingletonBeanRegistry.java:234)
	at org.springframework.beans.factory.support.AbstractBeanFactory.doGetBean(AbstractBeanFactory.java:333)
	at org.springframework.beans.factory.support.AbstractBeanFactory.getBean(AbstractBeanFactory.java:208)
	at org.springframework.beans.factory.config.DependencyDescriptor.resolveCandidate(DependencyDescriptor.java:276)
	at org.springframework.beans.factory.support.DefaultListableBeanFactory.doResolveDependency(DefaultListableBeanFactory.java:1391)
	at org.springframework.beans.factory.support.DefaultListableBeanFactory.resolveDependency(DefaultListableBeanFactory.java:1311)
	at org.springframework.beans.factory.annotation.AutowiredAnnotationBeanPostProcessor$AutowiredFieldElement.resolveFieldValue(AutowiredAnnotationBeanPostProcessor.java:656)
	at org.springframework.beans.factory.annotation.AutowiredAnnotationBeanPostProcessor$AutowiredFieldElement.inject(AutowiredAnnotationBeanPostProcessor.java:639)
	at org.springframework.beans.factory.annotation.InjectionMetadata.inject(InjectionMetadata.java:119)
	at org.springframework.beans.factory.annotation.AutowiredAnnotationBeanPostProcessor.postProcessProperties(AutowiredAnnotationBeanPostProcessor.java:399)
	at org.springframework.beans.factory.support.AbstractAutowireCapableBeanFactory.populateBean(AbstractAutowireCapableBeanFactory.java:1431)
	at org.springframework.beans.factory.support.AbstractAutowireCapableBeanFactory.doCreateBean(AbstractAutowireCapableBeanFactory.java:619)
	at org.springframework.beans.factory.support.AbstractAutowireCapableBeanFactory.createBean(AbstractAutowireCapableBeanFactory.java:542)
	at org.springframework.beans.factory.support.AbstractBeanFactory.lambda$doGetBean$0(AbstractBeanFactory.java:335)
	at org.springframework.beans.factory.support.DefaultSingletonBeanRegistry.getSingleton(DefaultSingletonBeanRegistry.java:234)
	at org.springframework.beans.factory.support.AbstractBeanFactory.doGetBean(AbstractBeanFactory.java:333)
	at org.springframework.beans.factory.support.AbstractBeanFactory.getBean(AbstractBeanFactory.java:208)
	at org.springframework.beans.factory.config.DependencyDescriptor.resolveCandidate(DependencyDescriptor.java:276)
	at org.springframework.beans.factory.support.DefaultListableBeanFactory.doResolveDependency(DefaultListableBeanFactory.java:1391)
	at org.springframework.beans.factory.support.DefaultListableBeanFactory.resolveDependency(DefaultListableBeanFactory.java:1311)
	at org.springframework.beans.factory.annotation.AutowiredAnnotationBeanPostProcessor$AutowiredFieldElement.resolveFieldValue(AutowiredAnnotationBeanPostProcessor.java:656)
	at org.springframework.beans.factory.annotation.AutowiredAnnotationBeanPostProcessor$AutowiredFieldElement.inject(AutowiredAnnotationBeanPostProcessor.java:639)
	at org.springframework.beans.factory.annotation.InjectionMetadata.inject(InjectionMetadata.java:119)
	at org.springframework.beans.factory.annotation.AutowiredAnnotationBeanPostProcessor.postProcessProperties(AutowiredAnnotationBeanPostProcessor.java:399)
	at org.springframework.beans.factory.support.AbstractAutowireCapableBeanFactory.populateBean(AbstractAutowireCapableBeanFactory.java:1431)
	at org.springframework.beans.factory.support.AbstractAutowireCapableBeanFactory.doCreateBean(AbstractAutowireCapableBeanFactory.java:619)
	at org.springframework.beans.factory.support.AbstractAutowireCapableBeanFactory.createBean(AbstractAutowireCapableBeanFactory.java:542)
	at org.springframework.beans.factory.support.AbstractBeanFactory.lambda$doGetBean$0(AbstractBeanFactory.java:335)
	at org.springframework.beans.factory.support.DefaultSingletonBeanRegistry.getSingleton(DefaultSingletonBeanRegistry.java:234)
	at org.springframework.beans.factory.support.AbstractBeanFactory.doGetBean(AbstractBeanFactory.java:333)
	at org.springframework.beans.factory.support.AbstractBeanFactory.getBean(AbstractBeanFactory.java:213)
	at org.springframework.boot.web.servlet.ServletContextInitializerBeans.getOrderedBeansOfType(ServletContextInitializerBeans.java:212)
	at org.springframework.boot.web.servlet.ServletContextInitializerBeans.addAsRegistrationBean(ServletContextInitializerBeans.java:175)
	at org.springframework.boot.web.servlet.ServletContextInitializerBeans.addAsRegistrationBean(ServletContextInitializerBeans.java:170)
	at org.springframework.boot.web.servlet.ServletContextInitializerBeans.addAdaptableBeans(ServletContextInitializerBeans.java:155)
	at org.springframework.boot.web.servlet.ServletContextInitializerBeans.<init>(ServletContextInitializerBeans.java:87)
	at org.springframework.boot.web.servlet.context.ServletWebServerApplicationContext.getServletContextInitializerBeans(ServletWebServerApplicationContext.java:262)
	at org.springframework.boot.web.servlet.context.ServletWebServerApplicationContext.selfInitialize(ServletWebServerApplicationContext.java:236)
	at org.springframework.boot.web.embedded.tomcat.TomcatStarter.onStartup(TomcatStarter.java:53)
	at org.apache.catalina.core.StandardContext.startInternal(StandardContext.java:5219)
	at org.apache.catalina.util.LifecycleBase.start(LifecycleBase.java:183)
	at org.apache.catalina.core.ContainerBase$StartChild.call(ContainerBase.java:1396)
	at org.apache.catalina.core.ContainerBase$StartChild.call(ContainerBase.java:1386)
	at java.base/java.util.concurrent.FutureTask.run$$$capture(FutureTask.java:264)
	at java.base/java.util.concurrent.FutureTask.run(FutureTask.java)
	at org.apache.tomcat.util.threads.InlineExecutorService.execute(InlineExecutorService.java:75)
	at java.base/java.util.concurrent.AbstractExecutorService.submit(AbstractExecutorService.java:140)
	at org.apache.catalina.core.ContainerBase.startInternal(ContainerBase.java:919)
	at org.apache.catalina.core.StandardHost.startInternal(StandardHost.java:835)
	at org.apache.catalina.util.LifecycleBase.start(LifecycleBase.java:183)
	at org.apache.catalina.core.ContainerBase$StartChild.call(ContainerBase.java:1396)
	at org.apache.catalina.core.ContainerBase$StartChild.call(ContainerBase.java:1386)
	at java.base/java.util.concurrent.FutureTask.run$$$capture(FutureTask.java:264)
	at java.base/java.util.concurrent.FutureTask.run(FutureTask.java)
	at org.apache.tomcat.util.threads.InlineExecutorService.execute(InlineExecutorService.java:75)
	at java.base/java.util.concurrent.AbstractExecutorService.submit(AbstractExecutorService.java:140)
	at org.apache.catalina.core.ContainerBase.startInternal(ContainerBase.java:919)
	at org.apache.catalina.core.StandardEngine.startInternal(StandardEngine.java:265)
	at org.apache.catalina.util.LifecycleBase.start(LifecycleBase.java:183)
	at org.apache.catalina.core.StandardService.startInternal(StandardService.java:432)
	at org.apache.catalina.util.LifecycleBase.start(LifecycleBase.java:183)
	at org.apache.catalina.core.StandardServer.startInternal(StandardServer.java:930)
	at org.apache.catalina.util.LifecycleBase.start(LifecycleBase.java:183)
	at org.apache.catalina.startup.Tomcat.start(Tomcat.java:486)
	at org.springframework.boot.web.embedded.tomcat.TomcatWebServer.initialize(TomcatWebServer.java:123)
	at org.springframework.boot.web.embedded.tomcat.TomcatWebServer.<init>(TomcatWebServer.java:104)
	at org.springframework.boot.web.embedded.tomcat.TomcatServletWebServerFactory.getTomcatWebServer(TomcatServletWebServerFactory.java:479)
	at org.springframework.boot.web.embedded.tomcat.TomcatServletWebServerFactory.getWebServer(TomcatServletWebServerFactory.java:211)
	at org.springframework.boot.web.servlet.context.ServletWebServerApplicationContext.createWebServer(ServletWebServerApplicationContext.java:184)
	at org.springframework.boot.web.servlet.context.ServletWebServerApplicationContext.onRefresh(ServletWebServerApplicationContext.java:162)
	at org.springframework.context.support.AbstractApplicationContext.refresh(AbstractApplicationContext.java:577)
	at org.springframework.boot.web.servlet.context.ServletWebServerApplicationContext.refresh(ServletWebServerApplicationContext.java:147)
	at org.springframework.boot.SpringApplication.refresh(SpringApplication.java:734)
	at org.springframework.boot.SpringApplication.refreshContext(SpringApplication.java:408)
	at org.springframework.boot.SpringApplication.run(SpringApplication.java:308)
	at org.springframework.boot.SpringApplication.run(SpringApplication.java:1306)
	at org.springframework.boot.SpringApplication.run(SpringApplication.java:1295)
	at com.hlr.hlr.HlrApplication.main(HlrApplication.java:10)
	at java.base/jdk.internal.reflect.NativeMethodAccessorImpl.invoke0(Native Method)
	at java.base/jdk.internal.reflect.NativeMethodAccessorImpl.invoke(NativeMethodAccessorImpl.java:62)
	at java.base/jdk.internal.reflect.DelegatingMethodAccessorImpl.invoke(DelegatingMethodAccessorImpl.java:43)
	at java.base/java.lang.reflect.Method.invoke(Method.java:566)
	at org.springframework.boot.devtools.restart.RestartLauncher.run(RestartLauncher.java:49)
level=WARN ts=2022-08-29 08:37:45.318 caller=restartedMain component=org.hibernate.engine.jdbc.spi.SqlExceptionHelper discovery=D msg=SQL Error: 0, SQLState: 3D000
level=WARN ts=2022-08-29 08:37:45.384 caller=restartedMain component=org.springframework.context.support.AbstractApplicationContext discovery=D msg=Exception encountered during context initialization - cancelling refresh attempt: org.springframework.context.ApplicationContextException: Unable to start web server; nested exception is org.springframework.boot.web.server.WebServerException: Unable to start embedded Tomcat
level=WARN ts=2022-08-29 08:38:43.118 caller=restartedMain component=org.springframework.boot.autoconfigure.orm.jpa.JpaBaseConfiguration$JpaWebConfiguration discovery=D msg=spring.jpa.open-in-view is enabled by default. Therefore, database queries may be performed during view rendering. Explicitly configure spring.jpa.open-in-view to disable this warning
level=WARN ts=2022-08-29 09:19:43.023 caller=restartedMain component=org.springframework.boot.autoconfigure.orm.jpa.JpaBaseConfiguration$JpaWebConfiguration discovery=D msg=spring.jpa.open-in-view is enabled by default. Therefore, database queries may be performed during view rendering. Explicitly configure spring.jpa.open-in-view to disable this warning
level=WARN ts=2022-08-29 09:21:12.020 caller=restartedMain component=org.springframework.boot.autoconfigure.orm.jpa.JpaBaseConfiguration$JpaWebConfiguration discovery=D msg=spring.jpa.open-in-view is enabled by default. Therefore, database queries may be performed during view rendering. Explicitly configure spring.jpa.open-in-view to disable this warning
level=WARN ts=2022-08-29 09:21:55.668 caller=restartedMain component=org.springframework.boot.autoconfigure.orm.jpa.JpaBaseConfiguration$JpaWebConfiguration discovery=D msg=spring.jpa.open-in-view is enabled by default. Therefore, database queries may be performed during view rendering. Explicitly configure spring.jpa.open-in-view to disable this warning
level=WARN ts=2022-08-29 09:22:00.776 caller=http-nio-8080-exec-1 component=org.hibernate.engine.jdbc.spi.SqlExceptionHelper discovery=D msg=SQL Error: 0, SQLState: 23502
level=WARN ts=2022-08-29 09:22:00.843 caller=http-nio-8080-exec-1 component=org.springframework.web.servlet.handler.AbstractHandlerExceptionResolver discovery=D msg=Resolved [org.springframework.dao.DataIntegrityViolationException: could not execute statement; SQL [n/a]; constraint [is_post_paid" of relation "users]; nested exception is org.hibernate.exception.ConstraintViolationException: could not execute statement]
level=WARN ts=2022-08-29 09:23:47.602 caller=restartedMain component=org.springframework.boot.autoconfigure.orm.jpa.JpaBaseConfiguration$JpaWebConfiguration discovery=D msg=spring.jpa.open-in-view is enabled by default. Therefore, database queries may be performed during view rendering. Explicitly configure spring.jpa.open-in-view to disable this warning
level=WARN ts=2022-08-29 09:24:30.563 caller=http-nio-8080-exec-2 component=org.springframework.web.servlet.handler.AbstractHandlerExceptionResolver discovery=D msg=Resolved [com.hlr.hlr.Exceptions.PhoneNumberInvalidException: User with phone number: 3526854 already exists!]
level=WARN ts=2022-08-29 09:25:40.923 caller=restartedMain component=org.springframework.boot.autoconfigure.orm.jpa.JpaBaseConfiguration$JpaWebConfiguration discovery=D msg=spring.jpa.open-in-view is enabled by default. Therefore, database queries may be performed during view rendering. Explicitly configure spring.jpa.open-in-view to disable this warning
level=WARN ts=2022-08-29 09:27:38.052 caller=restartedMain component=org.springframework.boot.autoconfigure.orm.jpa.JpaBaseConfiguration$JpaWebConfiguration discovery=D msg=spring.jpa.open-in-view is enabled by default. Therefore, database queries may be performed during view rendering. Explicitly configure spring.jpa.open-in-view to disable this warning
level=WARN ts=2022-08-29 09:27:42.368 caller=http-nio-8080-exec-1 component=org.springframework.web.servlet.handler.AbstractHandlerExceptionResolver discovery=D msg=Resolved [com.hlr.hlr.Exceptions.PhoneNumberInvalidException: User with phone number: 3030511 does not exists!]
level=WARN ts=2022-08-29 09:28:48.054 caller=http-nio-8080-exec-3 component=org.springframework.web.servlet.handler.AbstractHandlerExceptionResolver discovery=D msg=Resolved [com.hlr.hlr.Exceptions.PhoneNumberInvalidException: User with phone number: 32526854 does not exists!]
level=WARN ts=2022-08-29 09:29:02.590 caller=http-nio-8080-exec-5 component=org.springframework.web.servlet.handler.AbstractHandlerExceptionResolver discovery=D msg=Resolved [com.hlr.hlr.Exceptions.PhoneNumberInvalidException: 2 is not a valid phone number]
level=WARN ts=2022-08-29 09:29:10.700 caller=http-nio-8080-exec-6 component=org.springframework.web.servlet.handler.AbstractHandlerExceptionResolver discovery=D msg=Resolved [com.hlr.hlr.Exceptions.PhoneNumberInvalidException: 35226854 is not a valid phone number]
level=WARN ts=2022-08-29 09:32:22.151 caller=http-nio-8080-exec-8 component=org.springframework.web.servlet.handler.AbstractHandlerExceptionResolver discovery=D msg=Resolved [com.hlr.hlr.Exceptions.PhoneNumberInvalidException: User with phone number: 3526854 already exists!]
level=WARN ts=2022-08-29 09:34:45.375 caller=http-nio-8080-exec-9 component=org.springframework.web.servlet.handler.AbstractHandlerExceptionResolver discovery=D msg=Resolved [com.hlr.hlr.Exceptions.CredentialsNotValidException: User with user id: 1 does not exists!]
level=WARN ts=2022-08-29 09:53:32.564 caller=restartedMain component=org.springframework.boot.autoconfigure.orm.jpa.JpaBaseConfiguration$JpaWebConfiguration discovery=D msg=spring.jpa.open-in-view is enabled by default. Therefore, database queries may be performed during view rendering. Explicitly configure spring.jpa.open-in-view to disable this warning
level=WARN ts=2022-08-29 09:53:32.765 caller=restartedMain component=org.springframework.context.support.AbstractApplicationContext discovery=D msg=Exception encountered during context initialization - cancelling refresh attempt: org.springframework.beans.factory.UnsatisfiedDependencyException: Error creating bean with name 'userController': Unsatisfied dependency expressed through field 'userService'; nested exception is org.springframework.beans.factory.UnsatisfiedDependencyException: Error creating bean with name 'userService': Unsatisfied dependency expressed through field 'userSubscribeServiceRepository'; nested exception is org.springframework.beans.factory.BeanCreationException: Error creating bean with name 'userSubscribeServiceRepository' defined in com.hlr.hlr.UserSubscribeService.UserSubscribeServiceRepository defined in @EnableJpaRepositories declared on JpaRepositoriesRegistrar.EnableJpaRepositoriesConfiguration: Invocation of init method failed; nested exception is org.springframework.data.repository.query.QueryCreationException: Could not create query for public abstract void com.hlr.hlr.UserSubscribeService.UserSubscribeServiceRepository.deleteByUserId(int); Reason: Failed to create query for method public abstract void com.hlr.hlr.UserSubscribeService.UserSubscribeServiceRepository.deleteByUserId(int)! No property 'userId' found for type 'UserSubscribeService' Did you mean ''users''; nested exception is java.lang.IllegalArgumentException: Failed to create query for method public abstract void com.hlr.hlr.UserSubscribeService.UserSubscribeServiceRepository.deleteByUserId(int)! No property 'userId' found for type 'UserSubscribeService' Did you mean ''users''
level=WARN ts=2022-08-29 09:56:05.647 caller=restartedMain component=org.springframework.boot.autoconfigure.orm.jpa.JpaBaseConfiguration$JpaWebConfiguration discovery=D msg=spring.jpa.open-in-view is enabled by default. Therefore, database queries may be performed during view rendering. Explicitly configure spring.jpa.open-in-view to disable this warning
level=WARN ts=2022-08-29 09:57:17.299 caller=http-nio-8080-exec-4 component=org.hibernate.engine.jdbc.spi.SqlExceptionHelper discovery=D msg=SQL Error: 0, SQLState: 23502
level=WARN ts=2022-08-29 09:57:17.345 caller=http-nio-8080-exec-4 component=org.springframework.web.servlet.handler.AbstractHandlerExceptionResolver discovery=D msg=Resolved [org.springframework.dao.DataIntegrityViolationException: could not execute statement; SQL [n/a]; constraint [is_post_paid" of relation "services]; nested exception is org.hibernate.exception.ConstraintViolationException: could not execute statement]
level=WARN ts=2022-08-29 09:59:20.058 caller=http-nio-8080-exec-5 component=org.hibernate.engine.jdbc.spi.SqlExceptionHelper discovery=D msg=SQL Error: 0, SQLState: 23502
level=WARN ts=2022-08-29 09:59:20.061 caller=http-nio-8080-exec-5 component=org.springframework.web.servlet.handler.AbstractHandlerExceptionResolver discovery=D msg=Resolved [org.springframework.dao.DataIntegrityViolationException: could not execute statement; SQL [n/a]; constraint [is_post_paid" of relation "services]; nested exception is org.hibernate.exception.ConstraintViolationException: could not execute statement]
level=WARN ts=2022-08-29 09:59:37.056 caller=restartedMain component=org.springframework.boot.autoconfigure.orm.jpa.JpaBaseConfiguration$JpaWebConfiguration discovery=D msg=spring.jpa.open-in-view is enabled by default. Therefore, database queries may be performed during view rendering. Explicitly configure spring.jpa.open-in-view to disable this warning
level=WARN ts=2022-08-29 09:59:46.361 caller=http-nio-8080-exec-1 component=org.hibernate.engine.jdbc.spi.SqlExceptionHelper discovery=D msg=SQL Error: 0, SQLState: 23502
level=WARN ts=2022-08-29 09:59:46.427 caller=http-nio-8080-exec-1 component=org.springframework.web.servlet.handler.AbstractHandlerExceptionResolver discovery=D msg=Resolved [org.springframework.dao.DataIntegrityViolationException: could not execute statement; SQL [n/a]; constraint [is_post_paid" of relation "services]; nested exception is org.hibernate.exception.ConstraintViolationException: could not execute statement]
level=WARN ts=2022-08-29 10:01:06.504 caller=restartedMain component=org.springframework.boot.autoconfigure.orm.jpa.JpaBaseConfiguration$JpaWebConfiguration discovery=D msg=spring.jpa.open-in-view is enabled by default. Therefore, database queries may be performed during view rendering. Explicitly configure spring.jpa.open-in-view to disable this warning
level=WARN ts=2022-08-29 10:05:51.483 caller=restartedMain component=org.springframework.boot.autoconfigure.orm.jpa.JpaBaseConfiguration$JpaWebConfiguration discovery=D msg=spring.jpa.open-in-view is enabled by default. Therefore, database queries may be performed during view rendering. Explicitly configure spring.jpa.open-in-view to disable this warning
level=WARN ts=2022-08-29 10:07:17.989 caller=restartedMain component=org.springframework.boot.autoconfigure.orm.jpa.JpaBaseConfiguration$JpaWebConfiguration discovery=D msg=spring.jpa.open-in-view is enabled by default. Therefore, database queries may be performed during view rendering. Explicitly configure spring.jpa.open-in-view to disable this warning
level=WARN ts=2022-08-29 14:49:17.698 caller=restartedMain component=org.springframework.boot.autoconfigure.orm.jpa.JpaBaseConfiguration$JpaWebConfiguration discovery=D msg=spring.jpa.open-in-view is enabled by default. Therefore, database queries may be performed during view rendering. Explicitly configure spring.jpa.open-in-view to disable this warning
level=WARN ts=2022-08-29 14:56:40.797 caller=http-nio-8080-exec-2 component=org.springframework.web.servlet.handler.AbstractHandlerExceptionResolver discovery=D msg=Resolved [org.springframework.web.HttpRequestMethodNotSupportedException: Request method 'GET' not supported]
level=WARN ts=2022-08-29 14:57:43.742 caller=restartedMain component=org.springframework.boot.autoconfigure.orm.jpa.JpaBaseConfiguration$JpaWebConfiguration discovery=D msg=spring.jpa.open-in-view is enabled by default. Therefore, database queries may be performed during view rendering. Explicitly configure spring.jpa.open-in-view to disable this warning
level=WARN ts=2022-08-29 15:00:59.162 caller=restartedMain component=org.springframework.boot.autoconfigure.orm.jpa.JpaBaseConfiguration$JpaWebConfiguration discovery=D msg=spring.jpa.open-in-view is enabled by default. Therefore, database queries may be performed during view rendering. Explicitly configure spring.jpa.open-in-view to disable this warning
level=WARN ts=2022-08-29 15:16:59.270 caller=restartedMain component=org.springframework.boot.autoconfigure.orm.jpa.JpaBaseConfiguration$JpaWebConfiguration discovery=D msg=spring.jpa.open-in-view is enabled by default. Therefore, database queries may be performed during view rendering. Explicitly configure spring.jpa.open-in-view to disable this warning
level=WARN ts=2022-08-29 15:18:51.134 caller=restartedMain component=org.springframework.boot.autoconfigure.orm.jpa.JpaBaseConfiguration$JpaWebConfiguration discovery=D msg=spring.jpa.open-in-view is enabled by default. Therefore, database queries may be performed during view rendering. Explicitly configure spring.jpa.open-in-view to disable this warning
level=WARN ts=2022-08-29 15:18:56.034 caller=http-nio-8080-exec-1 component=org.springframework.web.servlet.handler.AbstractHandlerExceptionResolver discovery=D msg=Resolved [com.hlr.hlr.Exceptions.UserAlreadySubscribedToServiceException: user already subscribed to service HS1]
level=WARN ts=2022-08-29 15:19:04.013 caller=http-nio-8080-exec-2 component=org.springframework.web.servlet.handler.AbstractHandlerExceptionResolver discovery=D msg=Resolved [com.hlr.hlr.Exceptions.UserAlreadySubscribedToServiceException: user already subscribed to service HS1]
level=WARN ts=2022-08-29 15:19:05.964 caller=http-nio-8080-exec-4 component=org.springframework.web.servlet.handler.AbstractHandlerExceptionResolver discovery=D msg=Resolved [com.hlr.hlr.Exceptions.UserAlreadySubscribedToServiceException: user already subscribed to service HS1]
level=WARN ts=2022-08-29 15:20:42.730 caller=restartedMain component=org.springframework.boot.autoconfigure.orm.jpa.JpaBaseConfiguration$JpaWebConfiguration discovery=D msg=spring.jpa.open-in-view is enabled by default. Therefore, database queries may be performed during view rendering. Explicitly configure spring.jpa.open-in-view to disable this warning
level=WARN ts=2022-08-29 15:20:51.231 caller=http-nio-8080-exec-2 component=org.springframework.web.servlet.handler.AbstractHandlerExceptionResolver discovery=D msg=Resolved [com.hlr.hlr.Exceptions.UserAlreadySubscribedToServiceException: user already subscribed to service HS1]
level=WARN ts=2022-08-29 15:59:12.833 caller=restartedMain component=org.springframework.boot.autoconfigure.orm.jpa.JpaBaseConfiguration$JpaWebConfiguration discovery=D msg=spring.jpa.open-in-view is enabled by default. Therefore, database queries may be performed during view rendering. Explicitly configure spring.jpa.open-in-view to disable this warning
level=WARN ts=2022-08-29 15:59:18.962 caller=http-nio-8080-exec-1 component=org.springframework.web.servlet.handler.AbstractHandlerExceptionResolver discovery=D msg=Resolved [com.hlr.hlr.Exceptions.UserAlreadySubscribedToServiceException: user already subscribed to service HS1]
level=WARN ts=2022-08-29 16:02:52.996 caller=restartedMain component=org.springframework.boot.autoconfigure.orm.jpa.JpaBaseConfiguration$JpaWebConfiguration discovery=D msg=spring.jpa.open-in-view is enabled by default. Therefore, database queries may be performed during view rendering. Explicitly configure spring.jpa.open-in-view to disable this warning
level=WARN ts=2022-08-29 16:02:58.723 caller=http-nio-8080-exec-1 component=org.springframework.web.servlet.handler.AbstractHandlerExceptionResolver discovery=D msg=Resolved [com.hlr.hlr.Exceptions.UserAlreadySubscribedToServiceException: user already subscribed to service HS1]
level=WARN ts=2022-08-29 16:03:18.191 caller=http-nio-8080-exec-2 component=org.springframework.web.servlet.handler.AbstractHandlerExceptionResolver discovery=D msg=Resolved [com.hlr.hlr.Exceptions.InsufficientAmountException: User does not have enough balance please recharge<EOL>Current balance: 0.7999999999999998]
level=WARN ts=2022-08-29 16:04:11.261 caller=restartedMain component=org.springframework.boot.autoconfigure.orm.jpa.JpaBaseConfiguration$JpaWebConfiguration discovery=D msg=spring.jpa.open-in-view is enabled by default. Therefore, database queries may be performed during view rendering. Explicitly configure spring.jpa.open-in-view to disable this warning
level=WARN ts=2022-08-29 16:04:16.931 caller=http-nio-8080-exec-1 component=org.springframework.web.servlet.handler.AbstractHandlerExceptionResolver discovery=D msg=Resolved [com.hlr.hlr.Exceptions.InsufficientAmountException: User does not have enough balance please recharge Current balance: 0.7999999999999998 USD]
level=WARN ts=2022-08-29 16:08:23.575 caller=restartedMain component=org.springframework.boot.autoconfigure.orm.jpa.JpaBaseConfiguration$JpaWebConfiguration discovery=D msg=spring.jpa.open-in-view is enabled by default. Therefore, database queries may be performed during view rendering. Explicitly configure spring.jpa.open-in-view to disable this warning
level=WARN ts=2022-08-29 16:09:32.580 caller=restartedMain component=org.springframework.boot.autoconfigure.orm.jpa.JpaBaseConfiguration$JpaWebConfiguration discovery=D msg=spring.jpa.open-in-view is enabled by default. Therefore, database queries may be performed during view rendering. Explicitly configure spring.jpa.open-in-view to disable this warning
level=WARN ts=2022-08-29 16:10:41.536 caller=restartedMain component=org.springframework.boot.autoconfigure.orm.jpa.JpaBaseConfiguration$JpaWebConfiguration discovery=D msg=spring.jpa.open-in-view is enabled by default. Therefore, database queries may be performed during view rendering. Explicitly configure spring.jpa.open-in-view to disable this warning
level=WARN ts=2022-08-29 16:13:02.367 caller=restartedMain component=org.springframework.boot.autoconfigure.orm.jpa.JpaBaseConfiguration$JpaWebConfiguration discovery=D msg=spring.jpa.open-in-view is enabled by default. Therefore, database queries may be performed during view rendering. Explicitly configure spring.jpa.open-in-view to disable this warning
level=WARN ts=2022-08-29 16:14:31.784 caller=restartedMain component=org.springframework.boot.autoconfigure.orm.jpa.JpaBaseConfiguration$JpaWebConfiguration discovery=D msg=spring.jpa.open-in-view is enabled by default. Therefore, database queries may be performed during view rendering. Explicitly configure spring.jpa.open-in-view to disable this warning
level=WARN ts=2022-08-29 16:17:40.716 caller=restartedMain component=org.springframework.boot.autoconfigure.orm.jpa.JpaBaseConfiguration$JpaWebConfiguration discovery=D msg=spring.jpa.open-in-view is enabled by default. Therefore, database queries may be performed during view rendering. Explicitly configure spring.jpa.open-in-view to disable this warning
level=WARN ts=2022-08-29 16:19:15.797 caller=restartedMain component=org.springframework.boot.autoconfigure.orm.jpa.JpaBaseConfiguration$JpaWebConfiguration discovery=D msg=spring.jpa.open-in-view is enabled by default. Therefore, database queries may be performed during view rendering. Explicitly configure spring.jpa.open-in-view to disable this warning
level=WARN ts=2022-08-29 16:23:10.509 caller=restartedMain component=org.springframework.boot.autoconfigure.orm.jpa.JpaBaseConfiguration$JpaWebConfiguration discovery=D msg=spring.jpa.open-in-view is enabled by default. Therefore, database queries may be performed during view rendering. Explicitly configure spring.jpa.open-in-view to disable this warning
level=WARN ts=2022-08-29 16:23:33.854 caller=restartedMain component=org.springframework.boot.autoconfigure.orm.jpa.JpaBaseConfiguration$JpaWebConfiguration discovery=D msg=spring.jpa.open-in-view is enabled by default. Therefore, database queries may be performed during view rendering. Explicitly configure spring.jpa.open-in-view to disable this warning
level=WARN ts=2022-08-29 16:23:42.049 caller=http-nio-8080-exec-1 component=org.springframework.web.servlet.handler.AbstractHandlerExceptionResolver discovery=D msg=Resolved [com.hlr.hlr.Exceptions.CredentialsNotValidException: asdasds is not a valid line type]
level=WARN ts=2022-08-29 16:23:53.472 caller=http-nio-8080-exec-2 component=org.springframework.web.servlet.handler.AbstractHandlerExceptionResolver discovery=D msg=Resolved [com.hlr.hlr.Exceptions.CredentialsNotValidException: prepaid is not a valid line type]
level=WARN ts=2022-08-29 16:24:05.134 caller=http-nio-8080-exec-3 component=org.springframework.web.servlet.handler.AbstractHandlerExceptionResolver discovery=D msg=Resolved [com.hlr.hlr.Exceptions.CredentialsNotValidException: prepaid is not a valid line type]
level=WARN ts=2022-08-29 16:24:40.696 caller=restartedMain component=org.springframework.boot.autoconfigure.orm.jpa.JpaBaseConfiguration$JpaWebConfiguration discovery=D msg=spring.jpa.open-in-view is enabled by default. Therefore, database queries may be performed during view rendering. Explicitly configure spring.jpa.open-in-view to disable this warning
level=WARN ts=2022-08-29 16:25:01.172 caller=http-nio-8080-exec-1 component=org.springframework.web.servlet.handler.AbstractHandlerExceptionResolver discovery=D msg=Resolved [com.hlr.hlr.Exceptions.CredentialsNotValidException: prepaid is not a valid line type]
level=WARN ts=2022-08-29 16:26:42.698 caller=restartedMain component=org.springframework.boot.autoconfigure.orm.jpa.JpaBaseConfiguration$JpaWebConfiguration discovery=D msg=spring.jpa.open-in-view is enabled by default. Therefore, database queries may be performed during view rendering. Explicitly configure spring.jpa.open-in-view to disable this warning
level=WARN ts=2022-08-29 16:27:03.956 caller=http-nio-8080-exec-1 component=org.springframework.web.servlet.handler.AbstractHandlerExceptionResolver discovery=D msg=Resolved [com.hlr.hlr.Exceptions.CredentialsNotValidException: prepaid is not a valid line type]
level=WARN ts=2022-08-29 16:28:12.990 caller=restartedMain component=org.springframework.boot.autoconfigure.orm.jpa.JpaBaseConfiguration$JpaWebConfiguration discovery=D msg=spring.jpa.open-in-view is enabled by default. Therefore, database queries may be performed during view rendering. Explicitly configure spring.jpa.open-in-view to disable this warning
level=WARN ts=2022-08-29 16:28:19.453 caller=http-nio-8080-exec-1 component=org.springframework.web.servlet.handler.AbstractHandlerExceptionResolver discovery=D msg=Resolved [com.hlr.hlr.Exceptions.CredentialsNotValidException: prepaid is not a valid line type]
level=WARN ts=2022-08-29 16:28:39.586 caller=restartedMain component=org.springframework.boot.autoconfigure.orm.jpa.JpaBaseConfiguration$JpaWebConfiguration discovery=D msg=spring.jpa.open-in-view is enabled by default. Therefore, database queries may be performed during view rendering. Explicitly configure spring.jpa.open-in-view to disable this warning
level=WARN ts=2022-08-29 16:28:54.951 caller=http-nio-8080-exec-1 component=org.springframework.web.servlet.handler.AbstractHandlerExceptionResolver discovery=D msg=Resolved [com.hlr.hlr.Exceptions.CredentialsNotValidException: prepaid is not a valid line type]
level=WARN ts=2022-08-29 16:29:14.947 caller=http-nio-8080-exec-2 component=org.springframework.web.servlet.handler.AbstractHandlerExceptionResolver discovery=D msg=Resolved [com.hlr.hlr.Exceptions.CredentialsNotValidException: prepaid is not a valid line type]
level=WARN ts=2022-08-29 16:30:56.770 caller=restartedMain component=org.springframework.boot.autoconfigure.orm.jpa.JpaBaseConfiguration$JpaWebConfiguration discovery=D msg=spring.jpa.open-in-view is enabled by default. Therefore, database queries may be performed during view rendering. Explicitly configure spring.jpa.open-in-view to disable this warning
level=WARN ts=2022-08-29 16:31:05.810 caller=http-nio-8080-exec-1 component=org.springframework.web.servlet.handler.AbstractHandlerExceptionResolver discovery=D msg=Resolved [com.hlr.hlr.Exceptions.CredentialsNotValidException: prepaid is not a valid line type]
level=WARN ts=2022-08-29 16:31:47.118 caller=restartedMain component=org.springframework.boot.autoconfigure.orm.jpa.JpaBaseConfiguration$JpaWebConfiguration discovery=D msg=spring.jpa.open-in-view is enabled by default. Therefore, database queries may be performed during view rendering. Explicitly configure spring.jpa.open-in-view to disable this warning
level=WARN ts=2022-08-29 16:31:52.663 caller=http-nio-8080-exec-1 component=org.springframework.web.servlet.handler.AbstractHandlerExceptionResolver discovery=D msg=Resolved [com.hlr.hlr.Exceptions.CredentialsNotValidException: prepaid is not a valid line type]
level=WARN ts=2022-08-29 16:33:08.666 caller=restartedMain component=org.springframework.boot.autoconfigure.orm.jpa.JpaBaseConfiguration$JpaWebConfiguration discovery=D msg=spring.jpa.open-in-view is enabled by default. Therefore, database queries may be performed during view rendering. Explicitly configure spring.jpa.open-in-view to disable this warning
level=WARN ts=2022-08-29 16:33:29.138 caller=http-nio-8080-exec-2 component=org.springframework.web.servlet.handler.AbstractHandlerExceptionResolver discovery=D msg=Resolved [com.hlr.hlr.Exceptions.CredentialsNotValidException: dafddffaf is not a valid line type]
level=WARN ts=2022-08-29 16:33:34.591 caller=http-nio-8080-exec-3 component=org.springframework.web.servlet.handler.AbstractHandlerExceptionResolver discovery=D msg=Resolved [com.hlr.hlr.Exceptions.CredentialsNotValidException: weqewq is not a valid line type]
level=WARN ts=2022-08-29 16:33:38.113 caller=http-nio-8080-exec-4 component=org.springframework.web.servlet.handler.AbstractHandlerExceptionResolver discovery=D msg=Resolved [com.hlr.hlr.Exceptions.CredentialsNotValidException: caasd is not a valid line type]
level=WARN ts=2022-08-29 16:34:06.111 caller=http-nio-8080-exec-7 component=org.springframework.web.servlet.handler.AbstractHandlerExceptionResolver discovery=D msg=Resolved [com.hlr.hlr.Exceptions.InsufficientAmountException: User does not have enough balance please recharge Current balance: 0.7999999999999998 USD]
level=WARN ts=2022-08-29 16:39:16.978 caller=restartedMain component=org.springframework.boot.autoconfigure.orm.jpa.JpaBaseConfiguration$JpaWebConfiguration discovery=D msg=spring.jpa.open-in-view is enabled by default. Therefore, database queries may be performed during view rendering. Explicitly configure spring.jpa.open-in-view to disable this warning
level=WARN ts=2022-08-29 16:41:10.071 caller=restartedMain component=org.springframework.boot.autoconfigure.orm.jpa.JpaBaseConfiguration$JpaWebConfiguration discovery=D msg=spring.jpa.open-in-view is enabled by default. Therefore, database queries may be performed during view rendering. Explicitly configure spring.jpa.open-in-view to disable this warning
level=WARN ts=2022-08-29 16:41:49.901 caller=http-nio-8080-exec-2 component=org.springframework.web.servlet.handler.AbstractHandlerExceptionResolver discovery=D msg=Resolved [com.hlr.hlr.Exceptions.InsufficientAmountException: User does not have enough balance please recharge Current balance: 0.7999999999999998 USD]
level=WARN ts=2022-08-29 16:46:55.739 caller=restartedMain component=org.springframework.boot.autoconfigure.orm.jpa.JpaBaseConfiguration$JpaWebConfiguration discovery=D msg=spring.jpa.open-in-view is enabled by default. Therefore, database queries may be performed during view rendering. Explicitly configure spring.jpa.open-in-view to disable this warning
level=WARN ts=2022-08-29 16:48:41.447 caller=restartedMain component=org.springframework.boot.autoconfigure.orm.jpa.JpaBaseConfiguration$JpaWebConfiguration discovery=D msg=spring.jpa.open-in-view is enabled by default. Therefore, database queries may be performed during view rendering. Explicitly configure spring.jpa.open-in-view to disable this warning
level=WARN ts=2022-08-29 16:57:42.189 caller=restartedMain component=org.springframework.boot.autoconfigure.orm.jpa.JpaBaseConfiguration$JpaWebConfiguration discovery=D msg=spring.jpa.open-in-view is enabled by default. Therefore, database queries may be performed during view rendering. Explicitly configure spring.jpa.open-in-view to disable this warning
level=WARN ts=2022-08-29 16:58:41.546 caller=http-nio-8080-exec-2 component=org.springframework.web.servlet.handler.AbstractHandlerExceptionResolver discovery=D msg=Resolved [com.hlr.hlr.Exceptions.ServiceAlreadyExistsException: Service: HS1 already exists]
level=WARN ts=2022-08-29 17:16:45.558 caller=restartedMain component=org.springframework.boot.autoconfigure.orm.jpa.JpaBaseConfiguration$JpaWebConfiguration discovery=D msg=spring.jpa.open-in-view is enabled by default. Therefore, database queries may be performed during view rendering. Explicitly configure spring.jpa.open-in-view to disable this warning
level=WARN ts=2022-08-29 17:17:11.449 caller=http-nio-8080-exec-1 component=org.springframework.web.servlet.handler.AbstractHandlerExceptionResolver discovery=D msg=Resolved [com.hlr.hlr.Exceptions.UserAlreadySubscribedToServiceException: user already subscribed to service HS1]
level=WARN ts=2022-08-29 17:24:08.977 caller=restartedMain component=org.springframework.boot.autoconfigure.orm.jpa.JpaBaseConfiguration$JpaWebConfiguration discovery=D msg=spring.jpa.open-in-view is enabled by default. Therefore, database queries may be performed during view rendering. Explicitly configure spring.jpa.open-in-view to disable this warning
level=WARN ts=2022-08-29 17:25:15.625 caller=restartedMain component=org.springframework.boot.autoconfigure.orm.jpa.JpaBaseConfiguration$JpaWebConfiguration discovery=D msg=spring.jpa.open-in-view is enabled by default. Therefore, database queries may be performed during view rendering. Explicitly configure spring.jpa.open-in-view to disable this warning
